Adding annotator tokenize
TokenizerAnnotator: No tokenizer type provided. Defaulting to PTBTokenizer.
Adding annotator ssplit
Adding annotator pos
Reading POS tagger model from edu/stanford/nlp/models/pos-tagger/english-left3words/english-left3words-distsim.tagger ... done [2.3 sec].
Adding annotator lemma
Adding annotator ner
Loading classifier from edu/stanford/nlp/models/ner/english.all.3class.distsim.crf.ser.gz ... done [6.5 sec].
Loading classifier from edu/stanford/nlp/models/ner/english.muc.7class.distsim.crf.ser.gz ... done [4.6 sec].
Loading classifier from edu/stanford/nlp/models/ner/english.conll.4class.distsim.crf.ser.gz ... done [3.1 sec].
Initializing JollyDayHoliday for SUTime from classpath: edu/stanford/nlp/models/sutime/jollyday/Holidays_sutime.xml as sutime.binder.1.
Reading TokensRegex rules from edu/stanford/nlp/models/sutime/defs.sutime.txt
Reading TokensRegex rules from edu/stanford/nlp/models/sutime/english.sutime.txt
Reading TokensRegex rules from edu/stanford/nlp/models/sutime/english.holidays.sutime.txt
Adding annotator parse
Loading parser from serialized file edu/stanford/nlp/models/lexparser/englishPCFG.ser.gz ... done [3.1 sec].
Adding annotator dcoref

Ready to process: 1 files, skipped 0, total 1
Processing file /Users/yuko/Desktop/NLP_100_knock/sample_nlp.txt ... writing to /Users/yuko/Desktop/NLP_100_knock/sample_nlp.txt.xml {
  Annotating file /Users/yuko/Desktop/NLP_100_knock/sample_nlp.txt [5.983 seconds]
} [6.73 seconds]
Processed 1 documents
Skipped 0 documents, error annotating 0 documents
Annotation pipeline timing information:
TokenizerAnnotator: 0.0 sec.
WordsToSentencesAnnotator: 0.0 sec.
POSTaggerAnnotator: 0.0 sec.
MorphaAnnotator: 0.1 sec.
NERCombinerAnnotator: 0.3 sec.
ParserAnnotator: 5.4 sec.
DeterministicCorefAnnotator: 0.2 sec.
TOTAL: 6.0 sec. for 84 tokens at 14.0 tokens/sec.
Pipeline setup: 0.0 sec.
Total time for StanfordCoreNLP pipeline: 6.1 sec.
